<?xml version="1.0" encoding="UTF-8"?>
<testsuite xmlns:xsi="http://www.w3.org/2001/XMLSchema-instance" xsi:noNamespaceSchemaLocation="https://maven.apache.org/surefire/maven-surefire-plugin/xsd/surefire-test-report-3.0.xsd" version="3.0" name="CucumberTests" time="0.451" tests="6" errors="0" skipped="0" failures="0">
  <properties>
[...]
</properties>
  <testcase name="Poids initial de l&apos;animal" classname="Animal" time="0.099"/>
  <testcase name="Nourrir un animal" classname="Animal" time="0.003"/>
  <testcase name="Nourrir un seul animal" classname="Zoo" time="0.003"/>
  <testcase name="Nourrir plusieurs animaux" classname="Zoo" time="0.004"/>
  <testcase name="Ajouter un animal au zoo" classname="Zoo" time="0.003"/>
  <testcase name="Ajouter un animal à un zoo plein" classname="Zoo" time="0.002"/>
</testsuite>